<?xml version="1.0" encoding="UTF-8"?>
<coverage generated="1733677636825" clover="3.2.0">
  <project timestamp="1733677636825" name="All files">
    <metrics statements="137" coveredstatements="128" conditionals="65" coveredconditionals="53" methods="36" coveredmethods="32" elements="238" coveredelements="213" complexity="0" loc="137" ncloc="137" packages="1" files="3" classes="3"/>
    <file name="LoginPage.jsx" path="C:\Users\meska\OneDrive\Desktop\tempFE\src\LoginPage.jsx">
      <metrics statements="30" coveredstatements="30" conditionals="18" coveredconditionals="18" methods="8" coveredmethods="8"/>
      <line num="6" count="1" type="stmt"/>
      <line num="7" count="53" type="stmt"/>
      <line num="8" count="53" type="stmt"/>
      <line num="9" count="53" type="stmt"/>
      <line num="10" count="53" type="stmt"/>
      <line num="11" count="53" type="stmt"/>
      <line num="12" count="53" type="stmt"/>
      <line num="14" count="53" type="stmt"/>
      <line num="15" count="13" type="cond" truecount="2" falsecount="0"/>
      <line num="16" count="12" type="stmt"/>
      <line num="17" count="12" type="stmt"/>
      <line num="18" count="12" type="stmt"/>
      <line num="22" count="53" type="stmt"/>
      <line num="23" count="10" type="stmt"/>
      <line num="25" count="10" type="cond" truecount="4" falsecount="0"/>
      <line num="26" count="1" type="stmt"/>
      <line num="27" count="1" type="stmt"/>
      <line num="30" count="9" type="stmt"/>
      <line num="31" count="9" type="stmt"/>
      <line num="37" count="6" type="cond" truecount="2" falsecount="0"/>
      <line num="38" count="1" type="stmt"/>
      <line num="41" count="1" type="stmt"/>
      <line num="44" count="1" type="stmt"/>
      <line num="46" count="5" type="stmt"/>
      <line num="47" count="5" type="stmt"/>
      <line num="54" count="3" type="stmt"/>
      <line num="62" count="53" type="stmt"/>
      <line num="85" count="9" type="stmt"/>
      <line num="95" count="9" type="stmt"/>
      <line num="104" count="1" type="stmt"/>
    </file>
    <file name="MainPage.jsx" path="C:\Users\meska\OneDrive\Desktop\tempFE\src\MainPage.jsx">
      <metrics statements="72" coveredstatements="68" conditionals="35" coveredconditionals="26" methods="23" coveredmethods="20"/>
      <line num="7" count="1" type="stmt"/>
      <line num="8" count="49" type="stmt"/>
      <line num="13" count="1" type="stmt"/>
      <line num="14" count="43" type="stmt"/>
      <line num="16" count="43" type="stmt"/>
      <line num="17" count="43" type="cond" truecount="2" falsecount="0"/>
      <line num="19" count="43" type="cond" truecount="2" falsecount="0"/>
      <line num="20" count="18" type="stmt"/>
      <line num="23" count="43" type="stmt"/>
      <line num="28" count="42" type="stmt"/>
      <line num="29" count="42" type="stmt"/>
      <line num="30" count="42" type="stmt"/>
      <line num="31" count="42" type="stmt"/>
      <line num="32" count="42" type="stmt"/>
      <line num="34" count="42" type="stmt"/>
      <line num="35" count="22" type="cond" truecount="2" falsecount="0"/>
      <line num="36" count="8" type="stmt"/>
      <line num="40" count="42" type="stmt"/>
      <line num="41" count="8" type="stmt"/>
      <line num="42" count="8" type="stmt"/>
      <line num="43" count="6" type="stmt"/>
      <line num="44" count="6" type="stmt"/>
      <line num="46" count="2" type="stmt"/>
      <line num="50" count="42" type="stmt"/>
      <line num="51" count="8" type="stmt"/>
      <line num="62" count="6" type="cond" truecount="1" falsecount="1"/>
      <line num="63" count="0" type="stmt"/>
      <line num="66" count="6" type="stmt"/>
      <line num="69" count="42" type="stmt"/>
      <line num="70" count="6" type="cond" truecount="1" falsecount="1"/>
      <line num="72" count="0" type="cond" truecount="0" falsecount="2"/>
      <line num="77" count="6" type="stmt"/>
      <line num="83" count="42" type="stmt"/>
      <line num="84" count="14" type="stmt"/>
      <line num="85" count="14" type="stmt"/>
      <line num="86" count="14" type="cond" truecount="1" falsecount="1"/>
      <line num="88" count="14" type="stmt"/>
      <line num="89" count="14" type="stmt"/>
      <line num="90" count="7" type="stmt"/>
      <line num="91" count="7" type="stmt"/>
      <line num="93" count="7" type="stmt"/>
      <line num="97" count="42" type="stmt"/>
      <line num="98" count="34" type="stmt"/>
      <line num="99" count="34" type="stmt"/>
      <line num="103" count="2" type="cond" truecount="1" falsecount="1"/>
      <line num="105" count="2" type="stmt"/>
      <line num="106" count="2" type="cond" truecount="1" falsecount="1"/>
      <line num="108" count="2" type="stmt"/>
      <line num="115" count="32" type="stmt"/>
      <line num="116" count="32" type="stmt"/>
      <line num="125" count="42" type="stmt"/>
      <line num="126" count="14" type="stmt"/>
      <line num="129" count="42" type="stmt"/>
      <line num="130" count="21" type="cond" truecount="2" falsecount="0"/>
      <line num="131" count="1" type="stmt"/>
      <line num="133" count="2" type="cond" truecount="2" falsecount="0"/>
      <line num="136" count="1" type="stmt"/>
      <line num="138" count="20" type="stmt"/>
      <line num="142" count="42" type="stmt"/>
      <line num="143" count="1" type="stmt"/>
      <line num="146" count="42" type="stmt"/>
      <line num="147" count="1" type="stmt"/>
      <line num="150" count="42" type="stmt"/>
      <line num="151" count="1" type="stmt"/>
      <line num="152" count="1" type="stmt"/>
      <line num="155" count="42" type="stmt"/>
      <line num="160" count="0" type="stmt"/>
      <line num="180" count="1" type="stmt"/>
      <line num="188" count="1" type="stmt"/>
      <line num="196" count="0" type="stmt"/>
      <line num="253" count="49" type="stmt"/>
      <line num="258" count="2" type="stmt"/>
    </file>
    <file name="ProfilePage.jsx" path="C:\Users\meska\OneDrive\Desktop\tempFE\src\ProfilePage.jsx">
      <metrics statements="35" coveredstatements="30" conditionals="12" coveredconditionals="9" methods="5" coveredmethods="4"/>
      <line num="6" count="1" type="stmt"/>
      <line num="7" count="20" type="stmt"/>
      <line num="8" count="20" type="stmt"/>
      <line num="9" count="20" type="cond" truecount="1" falsecount="1"/>
      <line num="11" count="20" type="stmt"/>
      <line num="12" count="20" type="stmt"/>
      <line num="13" count="20" type="stmt"/>
      <line num="15" count="20" type="stmt"/>
      <line num="16" count="16" type="cond" truecount="3" falsecount="1"/>
      <line num="17" count="16" type="stmt"/>
      <line num="20" count="0" type="stmt"/>
      <line num="24" count="20" type="stmt"/>
      <line num="25" count="17" type="stmt"/>
      <line num="26" count="17" type="stmt"/>
      <line num="35" count="15" type="cond" truecount="2" falsecount="0"/>
      <line num="36" count="3" type="stmt"/>
      <line num="39" count="12" type="stmt"/>
      <line num="40" count="12" type="stmt"/>
      <line num="41" count="12" type="stmt"/>
      <line num="43" count="5" type="stmt"/>
      <line num="44" count="5" type="stmt"/>
      <line num="48" count="20" type="stmt"/>
      <line num="49" count="3" type="stmt"/>
      <line num="50" count="3" type="cond" truecount="1" falsecount="1"/>
      <line num="51" count="0" type="stmt"/>
      <line num="52" count="0" type="stmt"/>
      <line num="54" count="3" type="stmt"/>
      <line num="65" count="2" type="cond" truecount="2" falsecount="0"/>
      <line num="66" count="1" type="stmt"/>
      <line num="67" count="1" type="stmt"/>
      <line num="69" count="1" type="stmt"/>
      <line num="72" count="1" type="stmt"/>
      <line num="76" count="20" type="stmt"/>
      <line num="77" count="0" type="stmt"/>
      <line num="78" count="0" type="stmt"/>
    </file>
  </project>
</coverage>
