{"C:\\Users\\meska\\OneDrive\\Desktop\\tempFE\\src\\LoginPage.jsx": {"path":"C:\\Users\\meska\\OneDrive\\Desktop\\tempFE\\src\\LoginPage.jsx","statementMap":{"0":{"start":{"line":6,"column":18},"end":{"line":113,"column":1}},"1":{"start":{"line":7,"column":36},"end":{"line":7,"column":48}},"2":{"start":{"line":8,"column":36},"end":{"line":8,"column":48}},"3":{"start":{"line":9,"column":46},"end":{"line":9,"column":58}},"4":{"start":{"line":10,"column":44},"end":{"line":10,"column":56}},"5":{"start":{"line":11,"column":21},"end":{"line":11,"column":34}},"6":{"start":{"line":12,"column":21},"end":{"line":12,"column":34}},"7":{"start":{"line":14,"column":4},"end":{"line":20,"column":25}},"8":{"start":{"line":15,"column":8},"end":{"line":19,"column":9}},"9":{"start":{"line":16,"column":12},"end":{"line":16,"column":56}},"10":{"start":{"line":17,"column":26},"end":{"line":17,"column":70}},"11":{"start":{"line":17,"column":43},"end":{"line":17,"column":63}},"12":{"start":{"line":18,"column":12},"end":{"line":18,"column":45}},"13":{"start":{"line":18,"column":25},"end":{"line":18,"column":44}},"14":{"start":{"line":22,"column":24},"end":{"line":60,"column":5}},"15":{"start":{"line":23,"column":8},"end":{"line":23,"column":27}},"16":{"start":{"line":25,"column":8},"end":{"line":28,"column":9}},"17":{"start":{"line":26,"column":12},"end":{"line":26,"column":71}},"18":{"start":{"line":27,"column":12},"end":{"line":27,"column":19}},"19":{"start":{"line":30,"column":8},"end":{"line":59,"column":9}},"20":{"start":{"line":31,"column":29},"end":{"line":35,"column":14}},"21":{"start":{"line":37,"column":12},"end":{"line":52,"column":13}},"22":{"start":{"line":38,"column":33},"end":{"line":38,"column":54}},"23":{"start":{"line":41,"column":16},"end":{"line":41,"column":75}},"24":{"start":{"line":44,"column":16},"end":{"line":44,"column":34}},"25":{"start":{"line":46,"column":34},"end":{"line":46,"column":55}},"26":{"start":{"line":47,"column":16},"end":{"line":51,"column":18}},"27":{"start":{"line":54,"column":12},"end":{"line":58,"column":14}},"28":{"start":{"line":62,"column":4},"end":{"line":112,"column":6}},"29":{"start":{"line":85,"column":49},"end":{"line":85,"column":76}},"30":{"start":{"line":95,"column":49},"end":{"line":95,"column":76}},"31":{"start":{"line":104,"column":43},"end":{"line":104,"column":64}}},"fnMap":{"0":{"name":"(anonymous_0)","decl":{"start":{"line":6,"column":18},"end":{"line":6,"column":19}},"loc":{"start":{"line":6,"column":24},"end":{"line":113,"column":1}},"line":6},"1":{"name":"(anonymous_1)","decl":{"start":{"line":14,"column":14},"end":{"line":14,"column":15}},"loc":{"start":{"line":14,"column":20},"end":{"line":20,"column":5}},"line":14},"2":{"name":"(anonymous_2)","decl":{"start":{"line":17,"column":37},"end":{"line":17,"column":38}},"loc":{"start":{"line":17,"column":43},"end":{"line":17,"column":63}},"line":17},"3":{"name":"(anonymous_3)","decl":{"start":{"line":18,"column":19},"end":{"line":18,"column":20}},"loc":{"start":{"line":18,"column":25},"end":{"line":18,"column":44}},"line":18},"4":{"name":"(anonymous_4)","decl":{"start":{"line":22,"column":24},"end":{"line":22,"column":25}},"loc":{"start":{"line":22,"column":37},"end":{"line":60,"column":5}},"line":22},"5":{"name":"(anonymous_5)","decl":{"start":{"line":85,"column":42},"end":{"line":85,"column":43}},"loc":{"start":{"line":85,"column":49},"end":{"line":85,"column":76}},"line":85},"6":{"name":"(anonymous_6)","decl":{"start":{"line":95,"column":42},"end":{"line":95,"column":43}},"loc":{"start":{"line":95,"column":49},"end":{"line":95,"column":76}},"line":95},"7":{"name":"(anonymous_7)","decl":{"start":{"line":104,"column":37},"end":{"line":104,"column":38}},"loc":{"start":{"line":104,"column":43},"end":{"line":104,"column":64}},"line":104}},"branchMap":{"0":{"loc":{"start":{"line":15,"column":8},"end":{"line":19,"column":9}},"type":"if","locations":[{"start":{"line":15,"column":8},"end":{"line":19,"column":9}},{"start":{},"end":{}}],"line":15},"1":{"loc":{"start":{"line":25,"column":8},"end":{"line":28,"column":9}},"type":"if","locations":[{"start":{"line":25,"column":8},"end":{"line":28,"column":9}},{"start":{},"end":{}}],"line":25},"2":{"loc":{"start":{"line":25,"column":12},"end":{"line":25,"column":34}},"type":"binary-expr","locations":[{"start":{"line":25,"column":12},"end":{"line":25,"column":21}},{"start":{"line":25,"column":25},"end":{"line":25,"column":34}}],"line":25},"3":{"loc":{"start":{"line":37,"column":12},"end":{"line":52,"column":13}},"type":"if","locations":[{"start":{"line":37,"column":12},"end":{"line":52,"column":13}},{"start":{"line":45,"column":19},"end":{"line":52,"column":13}}],"line":37},"4":{"loc":{"start":{"line":48,"column":20},"end":{"line":50,"column":80}},"type":"cond-expr","locations":[{"start":{"line":49,"column":26},"end":{"line":49,"column":59}},{"start":{"line":50,"column":26},"end":{"line":50,"column":80}}],"line":48},"5":{"loc":{"start":{"line":50,"column":26},"end":{"line":50,"column":80}},"type":"binary-expr","locations":[{"start":{"line":50,"column":26},"end":{"line":50,"column":43}},{"start":{"line":50,"column":47},"end":{"line":50,"column":80}}],"line":50},"6":{"loc":{"start":{"line":55,"column":16},"end":{"line":57,"column":55}},"type":"cond-expr","locations":[{"start":{"line":56,"column":22},"end":{"line":56,"column":82}},{"start":{"line":57,"column":22},"end":{"line":57,"column":55}}],"line":55},"7":{"loc":{"start":{"line":64,"column":13},"end":{"line":68,"column":13}},"type":"binary-expr","locations":[{"start":{"line":64,"column":13},"end":{"line":64,"column":26}},{"start":{"line":65,"column":16},"end":{"line":67,"column":22}}],"line":64},"8":{"loc":{"start":{"line":69,"column":13},"end":{"line":73,"column":13}},"type":"binary-expr","locations":[{"start":{"line":69,"column":13},"end":{"line":69,"column":25}},{"start":{"line":70,"column":16},"end":{"line":72,"column":22}}],"line":69}},"s":{"0":1,"1":53,"2":53,"3":53,"4":53,"5":53,"6":53,"7":53,"8":13,"9":12,"10":12,"11":1,"12":12,"13":12,"14":53,"15":10,"16":10,"17":1,"18":1,"19":9,"20":9,"21":6,"22":1,"23":1,"24":1,"25":5,"26":5,"27":3,"28":53,"29":9,"30":9,"31":1},"f":{"0":53,"1":13,"2":1,"3":12,"4":10,"5":9,"6":9,"7":1},"b":{"0":[12,1],"1":[1,9],"2":[10,9],"3":[1,5],"4":[3,2],"5":[2,1],"6":[2,1],"7":[53,39],"8":[53,9]},"_coverageSchema":"1a1c01bbd47fc00a2c39e90264f33305004495a9","hash":"687f950df20827e6b61e48fb20bc23d8c9ffaa6d"}
,"C:\\Users\\meska\\OneDrive\\Desktop\\tempFE\\src\\MainPage.jsx": {"path":"C:\\Users\\meska\\OneDrive\\Desktop\\tempFE\\src\\MainPage.jsx","statementMap":{"0":{"start":{"line":7,"column":19},"end":{"line":11,"column":1}},"1":{"start":{"line":8,"column":4},"end":{"line":10,"column":10}},"2":{"start":{"line":13,"column":17},"end":{"line":294,"column":1}},"3":{"start":{"line":14,"column":21},"end":{"line":14,"column":34}},"4":{"start":{"line":16,"column":27},"end":{"line":16,"column":59}},"5":{"start":{"line":17,"column":21},"end":{"line":17,"column":71}},"6":{"start":{"line":19,"column":32},"end":{"line":21,"column":11}},"7":{"start":{"line":20,"column":62},"end":{"line":20,"column":91}},"8":{"start":{"line":23,"column":32},"end":{"line":26,"column":6}},"9":{"start":{"line":28,"column":40},"end":{"line":28,"column":52}},"10":{"start":{"line":29,"column":44},"end":{"line":29,"column":56}},"11":{"start":{"line":30,"column":42},"end":{"line":30,"column":54}},"12":{"start":{"line":31,"column":52},"end":{"line":31,"column":63}},"13":{"start":{"line":32,"column":40},"end":{"line":32,"column":52}},"14":{"start":{"line":34,"column":4},"end":{"line":38,"column":19}},"15":{"start":{"line":35,"column":8},"end":{"line":37,"column":9}},"16":{"start":{"line":36,"column":12},"end":{"line":36,"column":42}},"17":{"start":{"line":40,"column":29},"end":{"line":48,"column":5}},"18":{"start":{"line":41,"column":8},"end":{"line":47,"column":9}},"19":{"start":{"line":42,"column":29},"end":{"line":42,"column":59}},"20":{"start":{"line":43,"column":25},"end":{"line":43,"column":46}},"21":{"start":{"line":44,"column":12},"end":{"line":44,"column":31}},"22":{"start":{"line":46,"column":12},"end":{"line":46,"column":65}},"23":{"start":{"line":50,"column":33},"end":{"line":67,"column":5}},"24":{"start":{"line":51,"column":25},"end":{"line":60,"column":9}},"25":{"start":{"line":62,"column":8},"end":{"line":64,"column":9}},"26":{"start":{"line":63,"column":12},"end":{"line":63,"column":80}},"27":{"start":{"line":66,"column":8},"end":{"line":66,"column":24}},"28":{"start":{"line":69,"column":25},"end":{"line":81,"column":5}},"29":{"start":{"line":70,"column":36},"end":{"line":75,"column":15}},"30":{"start":{"line":72,"column":34},"end":{"line":72,"column":70}},"31":{"start":{"line":77,"column":8},"end":{"line":80,"column":11}},"32":{"start":{"line":83,"column":28},"end":{"line":95,"column":5}},"33":{"start":{"line":84,"column":8},"end":{"line":94,"column":9}},"34":{"start":{"line":85,"column":29},"end":{"line":85,"column":96}},"35":{"start":{"line":86,"column":12},"end":{"line":86,"column":77}},"36":{"start":{"line":86,"column":30},"end":{"line":86,"column":77}},"37":{"start":{"line":88,"column":25},"end":{"line":88,"column":46}},"38":{"start":{"line":89,"column":35},"end":{"line":89,"column":80}},"39":{"start":{"line":90,"column":12},"end":{"line":90,"column":42}},"40":{"start":{"line":91,"column":12},"end":{"line":91,"column":71}},"41":{"start":{"line":93,"column":12},"end":{"line":93,"column":64}},"42":{"start":{"line":97,"column":29},"end":{"line":123,"column":5}},"43":{"start":{"line":98,"column":8},"end":{"line":122,"column":9}},"44":{"start":{"line":99,"column":34},"end":{"line":101,"column":13}},"45":{"start":{"line":103,"column":12},"end":{"line":103,"column":83}},"46":{"start":{"line":103,"column":35},"end":{"line":103,"column":83}},"47":{"start":{"line":105,"column":30},"end":{"line":105,"column":56}},"48":{"start":{"line":106,"column":32},"end":{"line":106,"column":81}},"49":{"start":{"line":108,"column":12},"end":{"line":113,"column":14}},"50":{"start":{"line":115,"column":12},"end":{"line":115,"column":83}},"51":{"start":{"line":116,"column":12},"end":{"line":121,"column":14}},"52":{"start":{"line":125,"column":4},"end":{"line":127,"column":11}},"53":{"start":{"line":126,"column":8},"end":{"line":126,"column":26}},"54":{"start":{"line":129,"column":4},"end":{"line":140,"column":52}},"55":{"start":{"line":130,"column":8},"end":{"line":139,"column":9}},"56":{"start":{"line":131,"column":29},"end":{"line":135,"column":13}},"57":{"start":{"line":133,"column":20},"end":{"line":134,"column":78}},"58":{"start":{"line":136,"column":12},"end":{"line":136,"column":38}},"59":{"start":{"line":138,"column":12},"end":{"line":138,"column":67}},"60":{"start":{"line":142,"column":31},"end":{"line":144,"column":5}},"61":{"start":{"line":143,"column":8},"end":{"line":143,"column":39}},"62":{"start":{"line":146,"column":30},"end":{"line":148,"column":5}},"63":{"start":{"line":147,"column":8},"end":{"line":147,"column":48}},"64":{"start":{"line":147,"column":38},"end":{"line":147,"column":46}},"65":{"start":{"line":150,"column":25},"end":{"line":153,"column":5}},"66":{"start":{"line":151,"column":8},"end":{"line":151,"column":44}},"67":{"start":{"line":152,"column":8},"end":{"line":152,"column":51}},"68":{"start":{"line":155,"column":4},"end":{"line":293,"column":6}},"69":{"start":{"line":160,"column":35},"end":{"line":160,"column":77}},"70":{"start":{"line":180,"column":47},"end":{"line":180,"column":92}},"71":{"start":{"line":188,"column":47},"end":{"line":188,"column":97}},"72":{"start":{"line":196,"column":47},"end":{"line":196,"column":97}},"73":{"start":{"line":253,"column":28},"end":{"line":279,"column":34}},"74":{"start":{"line":258,"column":40},"end":{"line":260,"column":42}}},"fnMap":{"0":{"name":"(anonymous_0)","decl":{"start":{"line":7,"column":19},"end":{"line":7,"column":20}},"loc":{"start":{"line":8,"column":4},"end":{"line":10,"column":10}},"line":8},"1":{"name":"(anonymous_1)","decl":{"start":{"line":13,"column":17},"end":{"line":13,"column":18}},"loc":{"start":{"line":13,"column":23},"end":{"line":294,"column":1}},"line":13},"2":{"name":"(anonymous_2)","decl":{"start":{"line":20,"column":46},"end":{"line":20,"column":47}},"loc":{"start":{"line":20,"column":62},"end":{"line":20,"column":91}},"line":20},"3":{"name":"(anonymous_3)","decl":{"start":{"line":34,"column":14},"end":{"line":34,"column":15}},"loc":{"start":{"line":34,"column":20},"end":{"line":38,"column":5}},"line":34},"4":{"name":"(anonymous_4)","decl":{"start":{"line":40,"column":29},"end":{"line":40,"column":30}},"loc":{"start":{"line":40,"column":43},"end":{"line":48,"column":5}},"line":40},"5":{"name":"(anonymous_5)","decl":{"start":{"line":50,"column":33},"end":{"line":50,"column":34}},"loc":{"start":{"line":50,"column":47},"end":{"line":67,"column":5}},"line":50},"6":{"name":"(anonymous_6)","decl":{"start":{"line":69,"column":25},"end":{"line":69,"column":26}},"loc":{"start":{"line":69,"column":35},"end":{"line":81,"column":5}},"line":69},"7":{"name":"(anonymous_7)","decl":{"start":{"line":72,"column":18},"end":{"line":72,"column":19}},"loc":{"start":{"line":72,"column":34},"end":{"line":72,"column":70}},"line":72},"8":{"name":"(anonymous_8)","decl":{"start":{"line":83,"column":28},"end":{"line":83,"column":29}},"loc":{"start":{"line":83,"column":40},"end":{"line":95,"column":5}},"line":83},"9":{"name":"(anonymous_9)","decl":{"start":{"line":97,"column":29},"end":{"line":97,"column":30}},"loc":{"start":{"line":97,"column":48},"end":{"line":123,"column":5}},"line":97},"10":{"name":"(anonymous_10)","decl":{"start":{"line":125,"column":14},"end":{"line":125,"column":15}},"loc":{"start":{"line":125,"column":20},"end":{"line":127,"column":5}},"line":125},"11":{"name":"(anonymous_11)","decl":{"start":{"line":129,"column":14},"end":{"line":129,"column":15}},"loc":{"start":{"line":129,"column":20},"end":{"line":140,"column":5}},"line":129},"12":{"name":"(anonymous_12)","decl":{"start":{"line":132,"column":16},"end":{"line":132,"column":17}},"loc":{"start":{"line":133,"column":20},"end":{"line":134,"column":78}},"line":133},"13":{"name":"(anonymous_13)","decl":{"start":{"line":142,"column":31},"end":{"line":142,"column":32}},"loc":{"start":{"line":142,"column":38},"end":{"line":144,"column":5}},"line":142},"14":{"name":"(anonymous_14)","decl":{"start":{"line":146,"column":30},"end":{"line":146,"column":31}},"loc":{"start":{"line":146,"column":36},"end":{"line":148,"column":5}},"line":146},"15":{"name":"(anonymous_15)","decl":{"start":{"line":147,"column":28},"end":{"line":147,"column":29}},"loc":{"start":{"line":147,"column":38},"end":{"line":147,"column":46}},"line":147},"16":{"name":"(anonymous_16)","decl":{"start":{"line":150,"column":25},"end":{"line":150,"column":26}},"loc":{"start":{"line":150,"column":31},"end":{"line":153,"column":5}},"line":150},"17":{"name":"(anonymous_17)","decl":{"start":{"line":160,"column":29},"end":{"line":160,"column":30}},"loc":{"start":{"line":160,"column":35},"end":{"line":160,"column":77}},"line":160},"18":{"name":"(anonymous_18)","decl":{"start":{"line":180,"column":41},"end":{"line":180,"column":42}},"loc":{"start":{"line":180,"column":47},"end":{"line":180,"column":92}},"line":180},"19":{"name":"(anonymous_19)","decl":{"start":{"line":188,"column":41},"end":{"line":188,"column":42}},"loc":{"start":{"line":188,"column":47},"end":{"line":188,"column":97}},"line":188},"20":{"name":"(anonymous_20)","decl":{"start":{"line":196,"column":41},"end":{"line":196,"column":42}},"loc":{"start":{"line":196,"column":47},"end":{"line":196,"column":97}},"line":196},"21":{"name":"(anonymous_21)","decl":{"start":{"line":252,"column":42},"end":{"line":252,"column":43}},"loc":{"start":{"line":253,"column":28},"end":{"line":279,"column":34}},"line":253},"22":{"name":"(anonymous_22)","decl":{"start":{"line":257,"column":45},"end":{"line":257,"column":46}},"loc":{"start":{"line":258,"column":40},"end":{"line":260,"column":42}},"line":258}},"branchMap":{"0":{"loc":{"start":{"line":17,"column":21},"end":{"line":17,"column":71}},"type":"cond-expr","locations":[{"start":{"line":17,"column":38},"end":{"line":17,"column":64}},{"start":{"line":17,"column":67},"end":{"line":17,"column":71}}],"line":17},"1":{"loc":{"start":{"line":19,"column":32},"end":{"line":21,"column":11}},"type":"cond-expr","locations":[{"start":{"line":20,"column":10},"end":{"line":20,"column":95}},{"start":{"line":21,"column":10},"end":{"line":21,"column":11}}],"line":19},"2":{"loc":{"start":{"line":24,"column":24},"end":{"line":24,"column":46}},"type":"binary-expr","locations":[{"start":{"line":24,"column":24},"end":{"line":24,"column":41}},{"start":{"line":24,"column":45},"end":{"line":24,"column":46}}],"line":24},"3":{"loc":{"start":{"line":35,"column":8},"end":{"line":37,"column":9}},"type":"if","locations":[{"start":{"line":35,"column":8},"end":{"line":37,"column":9}},{"start":{},"end":{}}],"line":35},"4":{"loc":{"start":{"line":62,"column":8},"end":{"line":64,"column":9}},"type":"if","locations":[{"start":{"line":62,"column":8},"end":{"line":64,"column":9}},{"start":{},"end":{}}],"line":62},"5":{"loc":{"start":{"line":70,"column":36},"end":{"line":75,"column":15}},"type":"cond-expr","locations":[{"start":{"line":71,"column":14},"end":{"line":74,"column":15}},{"start":{"line":75,"column":14},"end":{"line":75,"column":15}}],"line":70},"6":{"loc":{"start":{"line":72,"column":41},"end":{"line":72,"column":69}},"type":"binary-expr","locations":[{"start":{"line":72,"column":41},"end":{"line":72,"column":64}},{"start":{"line":72,"column":68},"end":{"line":72,"column":69}}],"line":72},"7":{"loc":{"start":{"line":78,"column":28},"end":{"line":78,"column":45}},"type":"binary-expr","locations":[{"start":{"line":78,"column":28},"end":{"line":78,"column":40}},{"start":{"line":78,"column":44},"end":{"line":78,"column":45}}],"line":78},"8":{"loc":{"start":{"line":86,"column":12},"end":{"line":86,"column":77}},"type":"if","locations":[{"start":{"line":86,"column":12},"end":{"line":86,"column":77}},{"start":{},"end":{}}],"line":86},"9":{"loc":{"start":{"line":103,"column":12},"end":{"line":103,"column":83}},"type":"if","locations":[{"start":{"line":103,"column":12},"end":{"line":103,"column":83}},{"start":{},"end":{}}],"line":103},"10":{"loc":{"start":{"line":106,"column":32},"end":{"line":106,"column":81}},"type":"cond-expr","locations":[{"start":{"line":106,"column":55},"end":{"line":106,"column":73}},{"start":{"line":106,"column":76},"end":{"line":106,"column":81}}],"line":106},"11":{"loc":{"start":{"line":130,"column":8},"end":{"line":139,"column":9}},"type":"if","locations":[{"start":{"line":130,"column":8},"end":{"line":139,"column":9}},{"start":{"line":137,"column":15},"end":{"line":139,"column":9}}],"line":130},"12":{"loc":{"start":{"line":133,"column":20},"end":{"line":134,"column":78}},"type":"binary-expr","locations":[{"start":{"line":133,"column":20},"end":{"line":133,"column":87}},{"start":{"line":134,"column":20},"end":{"line":134,"column":78}}],"line":133},"13":{"loc":{"start":{"line":163,"column":30},"end":{"line":163,"column":73}},"type":"cond-expr","locations":[{"start":{"line":163,"column":41},"end":{"line":163,"column":64}},{"start":{"line":163,"column":67},"end":{"line":163,"column":73}}],"line":163},"14":{"loc":{"start":{"line":267,"column":48},"end":{"line":271,"column":56}},"type":"cond-expr","locations":[{"start":{"line":268,"column":54},"end":{"line":268,"column":75}},{"start":{"line":269,"column":54},"end":{"line":271,"column":56}}],"line":267},"15":{"loc":{"start":{"line":269,"column":54},"end":{"line":271,"column":56}},"type":"cond-expr","locations":[{"start":{"line":270,"column":54},"end":{"line":270,"column":73}},{"start":{"line":271,"column":54},"end":{"line":271,"column":56}}],"line":269},"16":{"loc":{"start":{"line":283,"column":21},"end":{"line":289,"column":21}},"type":"binary-expr","locations":[{"start":{"line":283,"column":21},"end":{"line":283,"column":33}},{"start":{"line":283,"column":37},"end":{"line":283,"column":76}},{"start":{"line":284,"column":24},"end":{"line":288,"column":30}}],"line":283}},"s":{"0":1,"1":49,"2":1,"3":43,"4":43,"5":43,"6":43,"7":18,"8":43,"9":42,"10":42,"11":42,"12":42,"13":42,"14":42,"15":22,"16":8,"17":42,"18":8,"19":8,"20":6,"21":6,"22":2,"23":42,"24":8,"25":6,"26":0,"27":6,"28":42,"29":6,"30":0,"31":6,"32":42,"33":14,"34":14,"35":14,"36":0,"37":14,"38":14,"39":7,"40":7,"41":7,"42":42,"43":34,"44":34,"45":2,"46":0,"47":2,"48":2,"49":2,"50":32,"51":32,"52":42,"53":14,"54":42,"55":21,"56":1,"57":2,"58":1,"59":20,"60":42,"61":1,"62":42,"63":1,"64":1,"65":42,"66":1,"67":1,"68":42,"69":0,"70":1,"71":1,"72":0,"73":49,"74":2},"f":{"0":49,"1":43,"2":18,"3":22,"4":8,"5":8,"6":6,"7":0,"8":14,"9":34,"10":14,"11":21,"12":2,"13":1,"14":1,"15":1,"16":1,"17":0,"18":1,"19":1,"20":0,"21":49,"22":2},"b":{"0":[16,27],"1":[8,35],"2":[43,43],"3":[8,14],"4":[0,6],"5":[0,6],"6":[0,0],"7":[6,6],"8":[0,14],"9":[0,2],"10":[2,0],"11":[1,20],"12":[2,1],"13":[16,26],"14":[0,49],"15":[0,49],"16":[42,40,3]},"_coverageSchema":"1a1c01bbd47fc00a2c39e90264f33305004495a9","hash":"31f2aceb32fc349af7d6b0e9f77f9798b627f147"}
,"C:\\Users\\meska\\OneDrive\\Desktop\\tempFE\\src\\ProfilePage.jsx": {"path":"C:\\Users\\meska\\OneDrive\\Desktop\\tempFE\\src\\ProfilePage.jsx","statementMap":{"0":{"start":{"line":6,"column":20},"end":{"line":216,"column":1}},"1":{"start":{"line":7,"column":21},"end":{"line":7,"column":34}},"2":{"start":{"line":8,"column":27},"end":{"line":8,"column":59}},"3":{"start":{"line":9,"column":21},"end":{"line":9,"column":71}},"4":{"start":{"line":11,"column":46},"end":{"line":11,"column":60}},"5":{"start":{"line":12,"column":40},"end":{"line":12,"column":54}},"6":{"start":{"line":13,"column":50},"end":{"line":13,"column":64}},"7":{"start":{"line":15,"column":4},"end":{"line":22,"column":19}},"8":{"start":{"line":16,"column":8},"end":{"line":21,"column":9}},"9":{"start":{"line":17,"column":12},"end":{"line":17,"column":42}},"10":{"start":{"line":20,"column":12},"end":{"line":20,"column":73}},"11":{"start":{"line":24,"column":29},"end":{"line":46,"column":5}},"12":{"start":{"line":25,"column":8},"end":{"line":45,"column":9}},"13":{"start":{"line":26,"column":29},"end":{"line":33,"column":14}},"14":{"start":{"line":35,"column":12},"end":{"line":37,"column":13}},"15":{"start":{"line":36,"column":16},"end":{"line":36,"column":84}},"16":{"start":{"line":39,"column":25},"end":{"line":39,"column":46}},"17":{"start":{"line":40,"column":12},"end":{"line":40,"column":53}},"18":{"start":{"line":41,"column":12},"end":{"line":41,"column":48}},"19":{"start":{"line":43,"column":12},"end":{"line":43,"column":65}},"20":{"start":{"line":44,"column":12},"end":{"line":44,"column":75}},"21":{"start":{"line":48,"column":33},"end":{"line":74,"column":5}},"22":{"start":{"line":49,"column":8},"end":{"line":73,"column":9}},"23":{"start":{"line":50,"column":12},"end":{"line":53,"column":13}},"24":{"start":{"line":51,"column":16},"end":{"line":51,"column":59}},"25":{"start":{"line":52,"column":16},"end":{"line":52,"column":23}},"26":{"start":{"line":54,"column":29},"end":{"line":63,"column":13}},"27":{"start":{"line":65,"column":12},"end":{"line":70,"column":13}},"28":{"start":{"line":66,"column":16},"end":{"line":66,"column":57}},"29":{"start":{"line":67,"column":16},"end":{"line":67,"column":46}},"30":{"start":{"line":69,"column":16},"end":{"line":69,"column":79}},"31":{"start":{"line":72,"column":12},"end":{"line":72,"column":62}},"32":{"start":{"line":76,"column":25},"end":{"line":79,"column":5}},"33":{"start":{"line":77,"column":8},"end":{"line":77,"column":44}},"34":{"start":{"line":78,"column":8},"end":{"line":78,"column":51}}},"fnMap":{"0":{"name":"(anonymous_0)","decl":{"start":{"line":6,"column":20},"end":{"line":6,"column":21}},"loc":{"start":{"line":6,"column":26},"end":{"line":216,"column":1}},"line":6},"1":{"name":"(anonymous_1)","decl":{"start":{"line":15,"column":14},"end":{"line":15,"column":15}},"loc":{"start":{"line":15,"column":20},"end":{"line":22,"column":5}},"line":15},"2":{"name":"(anonymous_2)","decl":{"start":{"line":24,"column":29},"end":{"line":24,"column":30}},"loc":{"start":{"line":24,"column":43},"end":{"line":46,"column":5}},"line":24},"3":{"name":"(anonymous_3)","decl":{"start":{"line":48,"column":33},"end":{"line":48,"column":34}},"loc":{"start":{"line":48,"column":45},"end":{"line":74,"column":5}},"line":48},"4":{"name":"(anonymous_4)","decl":{"start":{"line":76,"column":25},"end":{"line":76,"column":26}},"loc":{"start":{"line":76,"column":31},"end":{"line":79,"column":5}},"line":76}},"branchMap":{"0":{"loc":{"start":{"line":9,"column":21},"end":{"line":9,"column":71}},"type":"cond-expr","locations":[{"start":{"line":9,"column":38},"end":{"line":9,"column":64}},{"start":{"line":9,"column":67},"end":{"line":9,"column":71}}],"line":9},"1":{"loc":{"start":{"line":16,"column":8},"end":{"line":21,"column":9}},"type":"if","locations":[{"start":{"line":16,"column":8},"end":{"line":21,"column":9}},{"start":{"line":19,"column":15},"end":{"line":21,"column":9}}],"line":16},"2":{"loc":{"start":{"line":16,"column":12},"end":{"line":16,"column":35}},"type":"binary-expr","locations":[{"start":{"line":16,"column":12},"end":{"line":16,"column":20}},{"start":{"line":16,"column":24},"end":{"line":16,"column":35}}],"line":16},"3":{"loc":{"start":{"line":35,"column":12},"end":{"line":37,"column":13}},"type":"if","locations":[{"start":{"line":35,"column":12},"end":{"line":37,"column":13}},{"start":{},"end":{}}],"line":35},"4":{"loc":{"start":{"line":50,"column":12},"end":{"line":53,"column":13}},"type":"if","locations":[{"start":{"line":50,"column":12},"end":{"line":53,"column":13}},{"start":{},"end":{}}],"line":50},"5":{"loc":{"start":{"line":65,"column":12},"end":{"line":70,"column":13}},"type":"if","locations":[{"start":{"line":65,"column":12},"end":{"line":70,"column":13}},{"start":{"line":68,"column":19},"end":{"line":70,"column":13}}],"line":65}},"s":{"0":1,"1":20,"2":20,"3":20,"4":20,"5":20,"6":20,"7":20,"8":16,"9":16,"10":0,"11":20,"12":17,"13":17,"14":15,"15":3,"16":12,"17":12,"18":12,"19":5,"20":5,"21":20,"22":3,"23":3,"24":0,"25":0,"26":3,"27":2,"28":1,"29":1,"30":1,"31":1,"32":20,"33":0,"34":0},"f":{"0":20,"1":16,"2":17,"3":3,"4":0},"b":{"0":[20,0],"1":[16,0],"2":[16,16],"3":[3,12],"4":[0,3],"5":[1,1]},"_coverageSchema":"1a1c01bbd47fc00a2c39e90264f33305004495a9","hash":"3919cf8fc241f002de0b9208f050a1d9806f8aa9"}
}
