{"C:\\Users\\meska\\OneDrive\\Desktop\\tempFE\\src\\LoginPage.jsx": {"path":"C:\\Users\\meska\\OneDrive\\Desktop\\tempFE\\src\\LoginPage.jsx","statementMap":{"0":{"start":{"line":6,"column":18},"end":{"line":113,"column":1}},"1":{"start":{"line":7,"column":36},"end":{"line":7,"column":48}},"2":{"start":{"line":8,"column":36},"end":{"line":8,"column":48}},"3":{"start":{"line":9,"column":46},"end":{"line":9,"column":58}},"4":{"start":{"line":10,"column":44},"end":{"line":10,"column":56}},"5":{"start":{"line":11,"column":21},"end":{"line":11,"column":34}},"6":{"start":{"line":12,"column":21},"end":{"line":12,"column":34}},"7":{"start":{"line":14,"column":4},"end":{"line":20,"column":25}},"8":{"start":{"line":15,"column":8},"end":{"line":19,"column":9}},"9":{"start":{"line":16,"column":12},"end":{"line":16,"column":56}},"10":{"start":{"line":17,"column":26},"end":{"line":17,"column":70}},"11":{"start":{"line":17,"column":43},"end":{"line":17,"column":63}},"12":{"start":{"line":18,"column":12},"end":{"line":18,"column":45}},"13":{"start":{"line":18,"column":25},"end":{"line":18,"column":44}},"14":{"start":{"line":22,"column":24},"end":{"line":60,"column":5}},"15":{"start":{"line":23,"column":8},"end":{"line":23,"column":27}},"16":{"start":{"line":25,"column":8},"end":{"line":28,"column":9}},"17":{"start":{"line":26,"column":12},"end":{"line":26,"column":71}},"18":{"start":{"line":27,"column":12},"end":{"line":27,"column":19}},"19":{"start":{"line":30,"column":8},"end":{"line":59,"column":9}},"20":{"start":{"line":31,"column":29},"end":{"line":35,"column":14}},"21":{"start":{"line":37,"column":12},"end":{"line":52,"column":13}},"22":{"start":{"line":38,"column":33},"end":{"line":38,"column":54}},"23":{"start":{"line":41,"column":16},"end":{"line":41,"column":75}},"24":{"start":{"line":44,"column":16},"end":{"line":44,"column":34}},"25":{"start":{"line":46,"column":34},"end":{"line":46,"column":55}},"26":{"start":{"line":47,"column":16},"end":{"line":51,"column":18}},"27":{"start":{"line":54,"column":12},"end":{"line":58,"column":14}},"28":{"start":{"line":62,"column":4},"end":{"line":112,"column":6}},"29":{"start":{"line":85,"column":49},"end":{"line":85,"column":76}},"30":{"start":{"line":95,"column":49},"end":{"line":95,"column":76}},"31":{"start":{"line":104,"column":43},"end":{"line":104,"column":64}}},"fnMap":{"0":{"name":"(anonymous_0)","decl":{"start":{"line":6,"column":18},"end":{"line":6,"column":19}},"loc":{"start":{"line":6,"column":24},"end":{"line":113,"column":1}},"line":6},"1":{"name":"(anonymous_1)","decl":{"start":{"line":14,"column":14},"end":{"line":14,"column":15}},"loc":{"start":{"line":14,"column":20},"end":{"line":20,"column":5}},"line":14},"2":{"name":"(anonymous_2)","decl":{"start":{"line":17,"column":37},"end":{"line":17,"column":38}},"loc":{"start":{"line":17,"column":43},"end":{"line":17,"column":63}},"line":17},"3":{"name":"(anonymous_3)","decl":{"start":{"line":18,"column":19},"end":{"line":18,"column":20}},"loc":{"start":{"line":18,"column":25},"end":{"line":18,"column":44}},"line":18},"4":{"name":"(anonymous_4)","decl":{"start":{"line":22,"column":24},"end":{"line":22,"column":25}},"loc":{"start":{"line":22,"column":37},"end":{"line":60,"column":5}},"line":22},"5":{"name":"(anonymous_5)","decl":{"start":{"line":85,"column":42},"end":{"line":85,"column":43}},"loc":{"start":{"line":85,"column":49},"end":{"line":85,"column":76}},"line":85},"6":{"name":"(anonymous_6)","decl":{"start":{"line":95,"column":42},"end":{"line":95,"column":43}},"loc":{"start":{"line":95,"column":49},"end":{"line":95,"column":76}},"line":95},"7":{"name":"(anonymous_7)","decl":{"start":{"line":104,"column":37},"end":{"line":104,"column":38}},"loc":{"start":{"line":104,"column":43},"end":{"line":104,"column":64}},"line":104}},"branchMap":{"0":{"loc":{"start":{"line":15,"column":8},"end":{"line":19,"column":9}},"type":"if","locations":[{"start":{"line":15,"column":8},"end":{"line":19,"column":9}},{"start":{},"end":{}}],"line":15},"1":{"loc":{"start":{"line":25,"column":8},"end":{"line":28,"column":9}},"type":"if","locations":[{"start":{"line":25,"column":8},"end":{"line":28,"column":9}},{"start":{},"end":{}}],"line":25},"2":{"loc":{"start":{"line":25,"column":12},"end":{"line":25,"column":34}},"type":"binary-expr","locations":[{"start":{"line":25,"column":12},"end":{"line":25,"column":21}},{"start":{"line":25,"column":25},"end":{"line":25,"column":34}}],"line":25},"3":{"loc":{"start":{"line":37,"column":12},"end":{"line":52,"column":13}},"type":"if","locations":[{"start":{"line":37,"column":12},"end":{"line":52,"column":13}},{"start":{"line":45,"column":19},"end":{"line":52,"column":13}}],"line":37},"4":{"loc":{"start":{"line":48,"column":20},"end":{"line":50,"column":80}},"type":"cond-expr","locations":[{"start":{"line":49,"column":26},"end":{"line":49,"column":59}},{"start":{"line":50,"column":26},"end":{"line":50,"column":80}}],"line":48},"5":{"loc":{"start":{"line":50,"column":26},"end":{"line":50,"column":80}},"type":"binary-expr","locations":[{"start":{"line":50,"column":26},"end":{"line":50,"column":43}},{"start":{"line":50,"column":47},"end":{"line":50,"column":80}}],"line":50},"6":{"loc":{"start":{"line":55,"column":16},"end":{"line":57,"column":55}},"type":"cond-expr","locations":[{"start":{"line":56,"column":22},"end":{"line":56,"column":82}},{"start":{"line":57,"column":22},"end":{"line":57,"column":55}}],"line":55},"7":{"loc":{"start":{"line":64,"column":13},"end":{"line":68,"column":13}},"type":"binary-expr","locations":[{"start":{"line":64,"column":13},"end":{"line":64,"column":26}},{"start":{"line":65,"column":16},"end":{"line":67,"column":22}}],"line":64},"8":{"loc":{"start":{"line":69,"column":13},"end":{"line":73,"column":13}},"type":"binary-expr","locations":[{"start":{"line":69,"column":13},"end":{"line":69,"column":25}},{"start":{"line":70,"column":16},"end":{"line":72,"column":22}}],"line":69}},"s":{"0":1,"1":7,"2":7,"3":7,"4":7,"5":7,"6":7,"7":7,"8":2,"9":0,"10":0,"11":0,"12":0,"13":0,"14":7,"15":2,"16":2,"17":0,"18":0,"19":2,"20":2,"21":2,"22":1,"23":1,"24":1,"25":1,"26":1,"27":0,"28":7,"29":2,"30":2,"31":0},"f":{"0":7,"1":2,"2":0,"3":0,"4":2,"5":2,"6":2,"7":0},"b":{"0":[0,2],"1":[0,2],"2":[2,2],"3":[1,1],"4":[1,0],"5":[0,0],"6":[0,0],"7":[7,0],"8":[7,1]},"_coverageSchema":"1a1c01bbd47fc00a2c39e90264f33305004495a9","hash":"687f950df20827e6b61e48fb20bc23d8c9ffaa6d"}
,"C:\\Users\\meska\\OneDrive\\Desktop\\tempFE\\src\\ProfilePage.jsx": {"path":"C:\\Users\\meska\\OneDrive\\Desktop\\tempFE\\src\\ProfilePage.jsx","statementMap":{"0":{"start":{"line":6,"column":20},"end":{"line":215,"column":1}},"1":{"start":{"line":7,"column":21},"end":{"line":7,"column":34}},"2":{"start":{"line":8,"column":27},"end":{"line":8,"column":59}},"3":{"start":{"line":9,"column":21},"end":{"line":9,"column":71}},"4":{"start":{"line":11,"column":46},"end":{"line":11,"column":60}},"5":{"start":{"line":12,"column":40},"end":{"line":12,"column":54}},"6":{"start":{"line":13,"column":50},"end":{"line":13,"column":64}},"7":{"start":{"line":15,"column":4},"end":{"line":22,"column":19}},"8":{"start":{"line":16,"column":8},"end":{"line":21,"column":9}},"9":{"start":{"line":17,"column":12},"end":{"line":17,"column":42}},"10":{"start":{"line":20,"column":12},"end":{"line":20,"column":73}},"11":{"start":{"line":24,"column":29},"end":{"line":46,"column":5}},"12":{"start":{"line":25,"column":8},"end":{"line":45,"column":9}},"13":{"start":{"line":26,"column":29},"end":{"line":33,"column":14}},"14":{"start":{"line":35,"column":12},"end":{"line":37,"column":13}},"15":{"start":{"line":36,"column":16},"end":{"line":36,"column":84}},"16":{"start":{"line":39,"column":25},"end":{"line":39,"column":46}},"17":{"start":{"line":40,"column":12},"end":{"line":40,"column":53}},"18":{"start":{"line":41,"column":12},"end":{"line":41,"column":48}},"19":{"start":{"line":43,"column":12},"end":{"line":43,"column":65}},"20":{"start":{"line":44,"column":12},"end":{"line":44,"column":75}},"21":{"start":{"line":48,"column":33},"end":{"line":74,"column":5}},"22":{"start":{"line":49,"column":8},"end":{"line":73,"column":9}},"23":{"start":{"line":50,"column":12},"end":{"line":53,"column":13}},"24":{"start":{"line":51,"column":16},"end":{"line":51,"column":59}},"25":{"start":{"line":52,"column":16},"end":{"line":52,"column":23}},"26":{"start":{"line":54,"column":29},"end":{"line":63,"column":13}},"27":{"start":{"line":65,"column":12},"end":{"line":70,"column":13}},"28":{"start":{"line":66,"column":16},"end":{"line":66,"column":57}},"29":{"start":{"line":67,"column":16},"end":{"line":67,"column":46}},"30":{"start":{"line":69,"column":16},"end":{"line":69,"column":79}},"31":{"start":{"line":72,"column":12},"end":{"line":72,"column":62}},"32":{"start":{"line":76,"column":25},"end":{"line":79,"column":5}},"33":{"start":{"line":77,"column":8},"end":{"line":77,"column":44}},"34":{"start":{"line":78,"column":8},"end":{"line":78,"column":51}},"35":{"start":{"line":81,"column":4},"end":{"line":214,"column":6}},"36":{"start":{"line":86,"column":35},"end":{"line":86,"column":77}},"37":{"start":{"line":103,"column":47},"end":{"line":103,"column":92}},"38":{"start":{"line":111,"column":47},"end":{"line":111,"column":97}},"39":{"start":{"line":119,"column":47},"end":{"line":119,"column":97}},"40":{"start":{"line":155,"column":43},"end":{"line":155,"column":68}},"41":{"start":{"line":161,"column":43},"end":{"line":161,"column":60}},"42":{"start":{"line":175,"column":40},"end":{"line":175,"column":64}},"43":{"start":{"line":176,"column":40},"end":{"line":176,"column":59}},"44":{"start":{"line":185,"column":40},"end":{"line":185,"column":63}},"45":{"start":{"line":186,"column":40},"end":{"line":186,"column":59}},"46":{"start":{"line":195,"column":40},"end":{"line":195,"column":63}},"47":{"start":{"line":196,"column":40},"end":{"line":196,"column":59}}},"fnMap":{"0":{"name":"(anonymous_0)","decl":{"start":{"line":6,"column":20},"end":{"line":6,"column":21}},"loc":{"start":{"line":6,"column":26},"end":{"line":215,"column":1}},"line":6},"1":{"name":"(anonymous_1)","decl":{"start":{"line":15,"column":14},"end":{"line":15,"column":15}},"loc":{"start":{"line":15,"column":20},"end":{"line":22,"column":5}},"line":15},"2":{"name":"(anonymous_2)","decl":{"start":{"line":24,"column":29},"end":{"line":24,"column":30}},"loc":{"start":{"line":24,"column":43},"end":{"line":46,"column":5}},"line":24},"3":{"name":"(anonymous_3)","decl":{"start":{"line":48,"column":33},"end":{"line":48,"column":34}},"loc":{"start":{"line":48,"column":45},"end":{"line":74,"column":5}},"line":48},"4":{"name":"(anonymous_4)","decl":{"start":{"line":76,"column":25},"end":{"line":76,"column":26}},"loc":{"start":{"line":76,"column":31},"end":{"line":79,"column":5}},"line":76},"5":{"name":"(anonymous_5)","decl":{"start":{"line":86,"column":29},"end":{"line":86,"column":30}},"loc":{"start":{"line":86,"column":35},"end":{"line":86,"column":77}},"line":86},"6":{"name":"(anonymous_6)","decl":{"start":{"line":103,"column":41},"end":{"line":103,"column":42}},"loc":{"start":{"line":103,"column":47},"end":{"line":103,"column":92}},"line":103},"7":{"name":"(anonymous_7)","decl":{"start":{"line":111,"column":41},"end":{"line":111,"column":42}},"loc":{"start":{"line":111,"column":47},"end":{"line":111,"column":97}},"line":111},"8":{"name":"(anonymous_8)","decl":{"start":{"line":119,"column":41},"end":{"line":119,"column":42}},"loc":{"start":{"line":119,"column":47},"end":{"line":119,"column":97}},"line":119},"9":{"name":"(anonymous_9)","decl":{"start":{"line":155,"column":37},"end":{"line":155,"column":38}},"loc":{"start":{"line":155,"column":43},"end":{"line":155,"column":68}},"line":155},"10":{"name":"(anonymous_10)","decl":{"start":{"line":161,"column":37},"end":{"line":161,"column":38}},"loc":{"start":{"line":161,"column":43},"end":{"line":161,"column":60}},"line":161},"11":{"name":"(anonymous_11)","decl":{"start":{"line":174,"column":45},"end":{"line":174,"column":46}},"loc":{"start":{"line":174,"column":51},"end":{"line":177,"column":37}},"line":174},"12":{"name":"(anonymous_12)","decl":{"start":{"line":184,"column":45},"end":{"line":184,"column":46}},"loc":{"start":{"line":184,"column":51},"end":{"line":187,"column":37}},"line":184},"13":{"name":"(anonymous_13)","decl":{"start":{"line":194,"column":45},"end":{"line":194,"column":46}},"loc":{"start":{"line":194,"column":51},"end":{"line":197,"column":37}},"line":194}},"branchMap":{"0":{"loc":{"start":{"line":9,"column":21},"end":{"line":9,"column":71}},"type":"cond-expr","locations":[{"start":{"line":9,"column":38},"end":{"line":9,"column":64}},{"start":{"line":9,"column":67},"end":{"line":9,"column":71}}],"line":9},"1":{"loc":{"start":{"line":16,"column":8},"end":{"line":21,"column":9}},"type":"if","locations":[{"start":{"line":16,"column":8},"end":{"line":21,"column":9}},{"start":{"line":19,"column":15},"end":{"line":21,"column":9}}],"line":16},"2":{"loc":{"start":{"line":16,"column":12},"end":{"line":16,"column":35}},"type":"binary-expr","locations":[{"start":{"line":16,"column":12},"end":{"line":16,"column":20}},{"start":{"line":16,"column":24},"end":{"line":16,"column":35}}],"line":16},"3":{"loc":{"start":{"line":35,"column":12},"end":{"line":37,"column":13}},"type":"if","locations":[{"start":{"line":35,"column":12},"end":{"line":37,"column":13}},{"start":{},"end":{}}],"line":35},"4":{"loc":{"start":{"line":50,"column":12},"end":{"line":53,"column":13}},"type":"if","locations":[{"start":{"line":50,"column":12},"end":{"line":53,"column":13}},{"start":{},"end":{}}],"line":50},"5":{"loc":{"start":{"line":65,"column":12},"end":{"line":70,"column":13}},"type":"if","locations":[{"start":{"line":65,"column":12},"end":{"line":70,"column":13}},{"start":{"line":68,"column":19},"end":{"line":70,"column":13}}],"line":65},"6":{"loc":{"start":{"line":150,"column":64},"end":{"line":150,"column":121}},"type":"cond-expr","locations":[{"start":{"line":150,"column":91},"end":{"line":150,"column":106}},{"start":{"line":150,"column":109},"end":{"line":150,"column":121}}],"line":150},"7":{"loc":{"start":{"line":173,"column":61},"end":{"line":173,"column":102}},"type":"cond-expr","locations":[{"start":{"line":173,"column":87},"end":{"line":173,"column":97}},{"start":{"line":173,"column":100},"end":{"line":173,"column":102}}],"line":173},"8":{"loc":{"start":{"line":183,"column":61},"end":{"line":183,"column":101}},"type":"cond-expr","locations":[{"start":{"line":183,"column":86},"end":{"line":183,"column":96}},{"start":{"line":183,"column":99},"end":{"line":183,"column":101}}],"line":183},"9":{"loc":{"start":{"line":193,"column":61},"end":{"line":193,"column":101}},"type":"cond-expr","locations":[{"start":{"line":193,"column":86},"end":{"line":193,"column":96}},{"start":{"line":193,"column":99},"end":{"line":193,"column":101}}],"line":193}},"s":{"0":1,"1":2,"2":2,"3":2,"4":2,"5":2,"6":2,"7":2,"8":2,"9":2,"10":0,"11":2,"12":2,"13":2,"14":2,"15":0,"16":2,"17":2,"18":2,"19":0,"20":0,"21":2,"22":0,"23":0,"24":0,"25":0,"26":0,"27":0,"28":0,"29":0,"30":0,"31":0,"32":2,"33":0,"34":0,"35":2,"36":0,"37":0,"38":0,"39":0,"40":0,"41":0,"42":0,"43":0,"44":0,"45":0,"46":0,"47":0},"f":{"0":2,"1":2,"2":2,"3":0,"4":0,"5":0,"6":0,"7":0,"8":0,"9":0,"10":0,"11":0,"12":0,"13":0},"b":{"0":[2,0],"1":[2,0],"2":[2,2],"3":[0,2],"4":[0,0],"5":[0,0],"6":[1,1],"7":[0,2],"8":[0,2],"9":[0,2]},"_coverageSchema":"1a1c01bbd47fc00a2c39e90264f33305004495a9","hash":"f910bc07e6dc7a1a3d212cdb69c4f64158850dfc"}
}
