TN:
SF:src\LoginPage.jsx
FN:6,(anonymous_0)
FN:14,(anonymous_1)
FN:17,(anonymous_2)
FN:18,(anonymous_3)
FN:22,(anonymous_4)
FN:85,(anonymous_5)
FN:95,(anonymous_6)
FN:104,(anonymous_7)
FNF:8
FNH:5
FNDA:7,(anonymous_0)
FNDA:2,(anonymous_1)
FNDA:0,(anonymous_2)
FNDA:0,(anonymous_3)
FNDA:2,(anonymous_4)
FNDA:2,(anonymous_5)
FNDA:2,(anonymous_6)
FNDA:0,(anonymous_7)
DA:6,1
DA:7,7
DA:8,7
DA:9,7
DA:10,7
DA:11,7
DA:12,7
DA:14,7
DA:15,2
DA:16,0
DA:17,0
DA:18,0
DA:22,7
DA:23,2
DA:25,2
DA:26,0
DA:27,0
DA:30,2
DA:31,2
DA:37,2
DA:38,1
DA:41,1
DA:44,1
DA:46,1
DA:47,1
DA:54,0
DA:62,7
DA:85,2
DA:95,2
DA:104,0
LF:30
LH:23
BRDA:15,0,0,0
BRDA:15,0,1,2
BRDA:25,1,0,0
BRDA:25,1,1,2
BRDA:25,2,0,2
BRDA:25,2,1,2
BRDA:37,3,0,1
BRDA:37,3,1,1
BRDA:48,4,0,1
BRDA:48,4,1,0
BRDA:50,5,0,0
BRDA:50,5,1,0
BRDA:55,6,0,0
BRDA:55,6,1,0
BRDA:64,7,0,7
BRDA:64,7,1,0
BRDA:69,8,0,7
BRDA:69,8,1,1
BRF:18
BRH:10
end_of_record
TN:
SF:src\ProfilePage.jsx
FN:6,(anonymous_0)
FN:15,(anonymous_1)
FN:24,(anonymous_2)
FN:48,(anonymous_3)
FN:76,(anonymous_4)
FN:86,(anonymous_5)
FN:103,(anonymous_6)
FN:111,(anonymous_7)
FN:119,(anonymous_8)
FN:155,(anonymous_9)
FN:161,(anonymous_10)
FN:174,(anonymous_11)
FN:184,(anonymous_12)
FN:194,(anonymous_13)
FNF:14
FNH:3
FNDA:2,(anonymous_0)
FNDA:2,(anonymous_1)
FNDA:2,(anonymous_2)
FNDA:0,(anonymous_3)
FNDA:0,(anonymous_4)
FNDA:0,(anonymous_5)
FNDA:0,(anonymous_6)
FNDA:0,(anonymous_7)
FNDA:0,(anonymous_8)
FNDA:0,(anonymous_9)
FNDA:0,(anonymous_10)
FNDA:0,(anonymous_11)
FNDA:0,(anonymous_12)
FNDA:0,(anonymous_13)
DA:6,1
DA:7,2
DA:8,2
DA:9,2
DA:11,2
DA:12,2
DA:13,2
DA:15,2
DA:16,2
DA:17,2
DA:20,0
DA:24,2
DA:25,2
DA:26,2
DA:35,2
DA:36,0
DA:39,2
DA:40,2
DA:41,2
DA:43,0
DA:44,0
DA:48,2
DA:49,0
DA:50,0
DA:51,0
DA:52,0
DA:54,0
DA:65,0
DA:66,0
DA:67,0
DA:69,0
DA:72,0
DA:76,2
DA:77,0
DA:78,0
DA:81,2
DA:86,0
DA:103,0
DA:111,0
DA:119,0
DA:155,0
DA:161,0
DA:175,0
DA:176,0
DA:185,0
DA:186,0
DA:195,0
DA:196,0
LF:48
LH:20
BRDA:9,0,0,2
BRDA:9,0,1,0
BRDA:16,1,0,2
BRDA:16,1,1,0
BRDA:16,2,0,2
BRDA:16,2,1,2
BRDA:35,3,0,0
BRDA:35,3,1,2
BRDA:50,4,0,0
BRDA:50,4,1,0
BRDA:65,5,0,0
BRDA:65,5,1,0
BRDA:150,6,0,1
BRDA:150,6,1,1
BRDA:173,7,0,0
BRDA:173,7,1,2
BRDA:183,8,0,0
BRDA:183,8,1,2
BRDA:193,9,0,0
BRDA:193,9,1,2
BRF:20
BRH:10
end_of_record
