TN:
SF:src\LoginPage.jsx
FN:6,(anonymous_0)
FN:14,(anonymous_1)
FN:17,(anonymous_2)
FN:18,(anonymous_3)
FN:22,(anonymous_4)
FN:85,(anonymous_5)
FN:95,(anonymous_6)
FN:104,(anonymous_7)
FNF:8
FNH:8
FNDA:53,(anonymous_0)
FNDA:13,(anonymous_1)
FNDA:1,(anonymous_2)
FNDA:12,(anonymous_3)
FNDA:10,(anonymous_4)
FNDA:9,(anonymous_5)
FNDA:9,(anonymous_6)
FNDA:1,(anonymous_7)
DA:6,1
DA:7,53
DA:8,53
DA:9,53
DA:10,53
DA:11,53
DA:12,53
DA:14,53
DA:15,13
DA:16,12
DA:17,12
DA:18,12
DA:22,53
DA:23,10
DA:25,10
DA:26,1
DA:27,1
DA:30,9
DA:31,9
DA:37,6
DA:38,1
DA:41,1
DA:44,1
DA:46,5
DA:47,5
DA:54,3
DA:62,53
DA:85,9
DA:95,9
DA:104,1
LF:30
LH:30
BRDA:15,0,0,12
BRDA:15,0,1,1
BRDA:25,1,0,1
BRDA:25,1,1,9
BRDA:25,2,0,10
BRDA:25,2,1,9
BRDA:37,3,0,1
BRDA:37,3,1,5
BRDA:48,4,0,3
BRDA:48,4,1,2
BRDA:50,5,0,2
BRDA:50,5,1,1
BRDA:55,6,0,2
BRDA:55,6,1,1
BRDA:64,7,0,53
BRDA:64,7,1,39
BRDA:69,8,0,53
BRDA:69,8,1,9
BRF:18
BRH:18
end_of_record
TN:
SF:src\MainPage.jsx
FN:7,(anonymous_0)
FN:13,(anonymous_1)
FN:20,(anonymous_2)
FN:34,(anonymous_3)
FN:40,(anonymous_4)
FN:50,(anonymous_5)
FN:69,(anonymous_6)
FN:72,(anonymous_7)
FN:83,(anonymous_8)
FN:97,(anonymous_9)
FN:125,(anonymous_10)
FN:129,(anonymous_11)
FN:132,(anonymous_12)
FN:142,(anonymous_13)
FN:146,(anonymous_14)
FN:147,(anonymous_15)
FN:150,(anonymous_16)
FN:160,(anonymous_17)
FN:180,(anonymous_18)
FN:188,(anonymous_19)
FN:196,(anonymous_20)
FN:252,(anonymous_21)
FN:257,(anonymous_22)
FNF:23
FNH:20
FNDA:49,(anonymous_0)
FNDA:43,(anonymous_1)
FNDA:18,(anonymous_2)
FNDA:22,(anonymous_3)
FNDA:8,(anonymous_4)
FNDA:8,(anonymous_5)
FNDA:6,(anonymous_6)
FNDA:0,(anonymous_7)
FNDA:14,(anonymous_8)
FNDA:34,(anonymous_9)
FNDA:14,(anonymous_10)
FNDA:21,(anonymous_11)
FNDA:2,(anonymous_12)
FNDA:1,(anonymous_13)
FNDA:1,(anonymous_14)
FNDA:1,(anonymous_15)
FNDA:1,(anonymous_16)
FNDA:0,(anonymous_17)
FNDA:1,(anonymous_18)
FNDA:1,(anonymous_19)
FNDA:0,(anonymous_20)
FNDA:49,(anonymous_21)
FNDA:2,(anonymous_22)
DA:7,1
DA:8,49
DA:13,1
DA:14,43
DA:16,43
DA:17,43
DA:19,43
DA:20,18
DA:23,43
DA:28,42
DA:29,42
DA:30,42
DA:31,42
DA:32,42
DA:34,42
DA:35,22
DA:36,8
DA:40,42
DA:41,8
DA:42,8
DA:43,6
DA:44,6
DA:46,2
DA:50,42
DA:51,8
DA:62,6
DA:63,0
DA:66,6
DA:69,42
DA:70,6
DA:72,0
DA:77,6
DA:83,42
DA:84,14
DA:85,14
DA:86,14
DA:88,14
DA:89,14
DA:90,7
DA:91,7
DA:93,7
DA:97,42
DA:98,34
DA:99,34
DA:103,2
DA:105,2
DA:106,2
DA:108,2
DA:115,32
DA:116,32
DA:125,42
DA:126,14
DA:129,42
DA:130,21
DA:131,1
DA:133,2
DA:136,1
DA:138,20
DA:142,42
DA:143,1
DA:146,42
DA:147,1
DA:150,42
DA:151,1
DA:152,1
DA:155,42
DA:160,0
DA:180,1
DA:188,1
DA:196,0
DA:253,49
DA:258,2
LF:72
LH:68
BRDA:17,0,0,16
BRDA:17,0,1,27
BRDA:19,1,0,8
BRDA:19,1,1,35
BRDA:24,2,0,43
BRDA:24,2,1,43
BRDA:35,3,0,8
BRDA:35,3,1,14
BRDA:62,4,0,0
BRDA:62,4,1,6
BRDA:70,5,0,0
BRDA:70,5,1,6
BRDA:72,6,0,0
BRDA:72,6,1,0
BRDA:78,7,0,6
BRDA:78,7,1,6
BRDA:86,8,0,0
BRDA:86,8,1,14
BRDA:103,9,0,0
BRDA:103,9,1,2
BRDA:106,10,0,2
BRDA:106,10,1,0
BRDA:130,11,0,1
BRDA:130,11,1,20
BRDA:133,12,0,2
BRDA:133,12,1,1
BRDA:163,13,0,16
BRDA:163,13,1,26
BRDA:267,14,0,0
BRDA:267,14,1,49
BRDA:269,15,0,0
BRDA:269,15,1,49
BRDA:283,16,0,42
BRDA:283,16,1,40
BRDA:283,16,2,3
BRF:35
BRH:26
end_of_record
TN:
SF:src\ProfilePage.jsx
FN:6,(anonymous_0)
FN:15,(anonymous_1)
FN:24,(anonymous_2)
FN:48,(anonymous_3)
FN:76,(anonymous_4)
FNF:5
FNH:4
FNDA:20,(anonymous_0)
FNDA:16,(anonymous_1)
FNDA:17,(anonymous_2)
FNDA:3,(anonymous_3)
FNDA:0,(anonymous_4)
DA:6,1
DA:7,20
DA:8,20
DA:9,20
DA:11,20
DA:12,20
DA:13,20
DA:15,20
DA:16,16
DA:17,16
DA:20,0
DA:24,20
DA:25,17
DA:26,17
DA:35,15
DA:36,3
DA:39,12
DA:40,12
DA:41,12
DA:43,5
DA:44,5
DA:48,20
DA:49,3
DA:50,3
DA:51,0
DA:52,0
DA:54,3
DA:65,2
DA:66,1
DA:67,1
DA:69,1
DA:72,1
DA:76,20
DA:77,0
DA:78,0
LF:35
LH:30
BRDA:9,0,0,20
BRDA:9,0,1,0
BRDA:16,1,0,16
BRDA:16,1,1,0
BRDA:16,2,0,16
BRDA:16,2,1,16
BRDA:35,3,0,3
BRDA:35,3,1,12
BRDA:50,4,0,0
BRDA:50,4,1,3
BRDA:65,5,0,1
BRDA:65,5,1,1
BRF:12
BRH:9
end_of_record
